# JRE version: Java(TM) SE Runtime Environment 18.9 (11.0.14+8) (build 11.0.14+8-LTS-263)
# Java VM: Java HotSpot(TM) 64-Bit Server VM 18.9 (11.0.14+8-LTS-263, mixed mode, tiered, compressed oops, g1 gc, windows-amd64)
Heap:
 garbage-first heap   total 129024K, used 27299K [0x0000000083800000, 0x0000000100000000)
  region size 1024K, 19 young (19456K), 2 survivors (2048K)
 Metaspace       used 21860K, capacity 22423K, committed 22704K, reserved 1069056K
  class space    used 2223K, capacity 2436K, committed 2560K, reserved 1048576K
GC Heap History (8 events):
Event: 5.185 GC heap before
{Heap before GC invocations=0 (full 0):
 garbage-first heap   total 129024K, used 23552K [0x0000000083800000, 0x0000000100000000)
  region size 1024K, 24 young (24576K), 0 survivors (0K)
 Metaspace       used 12952K, capacity 13201K, committed 13312K, reserved 1060864K
  class space    used 1161K, capacity 1261K, committed 1280K, reserved 1048576K
}
Event: 5.191 GC heap after
{Heap after GC invocations=1 (full 0):
 garbage-first heap   total 129024K, used 7931K [0x0000000083800000, 0x0000000100000000)
  region size 1024K, 3 young (3072K), 3 survivors (3072K)
 Metaspace       used 12952K, capacity 13201K, committed 13312K, reserved 1060864K
  class space    used 1161K, capacity 1261K, committed 1280K, reserved 1048576K
}
Event: 116.330 GC heap before
{Heap before GC invocations=1 (full 0):
 garbage-first heap   total 129024K, used 62203K [0x0000000083800000, 0x0000000100000000)
  region size 1024K, 57 young (58368K), 3 survivors (3072K)
 Metaspace       used 20663K, capacity 21116K, committed 21296K, reserved 1069056K
  class space    used 2135K, capacity 2350K, committed 2432K, reserved 1048576K
}
Event: 116.341 GC heap after
{Heap after GC invocations=2 (full 0):
 garbage-first heap   total 129024K, used 10965K [0x0000000083800000, 0x0000000100000000)
  region size 1024K, 6 young (6144K), 6 survivors (6144K)
 Metaspace       used 20663K, capacity 21116K, committed 21296K, reserved 1069056K
  class space    used 2135K, capacity 2350K, committed 2432K, reserved 1048576K
}
Event: 118.700 GC heap before
{Heap before GC invocations=3 (full 0):
 garbage-first heap   total 129024K, used 32469K [0x0000000083800000, 0x0000000100000000)
  region size 1024K, 27 young (27648K), 6 survivors (6144K)
 Metaspace       used 21448K, capacity 21959K, committed 22192K, reserved 1069056K
  class space    used 2220K, capacity 2434K, committed 2560K, reserved 1048576K
}
Event: 118.706 GC heap after
{Heap after GC invocations=4 (full 0):
 garbage-first heap   total 129024K, used 10657K [0x0000000083800000, 0x0000000100000000)
  region size 1024K, 1 young (1024K), 1 survivors (1024K)
 Metaspace       used 21448K, capacity 21959K, committed 22192K, reserved 1069056K
  class space    used 2220K, capacity 2434K, committed 2560K, reserved 1048576K
}
Event: 159.950 GC heap before
{Heap before GC invocations=4 (full 0):
 garbage-first heap   total 129024K, used 63905K [0x0000000083800000, 0x0000000100000000)
  region size 1024K, 54 young (55296K), 1 survivors (1024K)
 Metaspace       used 21822K, capacity 22359K, committed 22704K, reserved 1069056K
  class space    used 2223K, capacity 2436K, committed 2560K, reserved 1048576K
}
Event: 159.952 GC heap after
{Heap after GC invocations=5 (full 0):
 garbage-first heap   total 129024K, used 10915K [0x0000000083800000, 0x0000000100000000)
  region size 1024K, 2 young (2048K), 2 survivors (2048K)
 Metaspace       used 21822K, capacity 22359K, committed 22704K, reserved 1069056K
  class space    used 2223K, capacity 2436K, committed 2560K, reserved 1048576K
}

